TN:
SF:env.ts
FNF:0
FNH:0
DA:15,1
DA:17,1
LF:2
LH:2
BRF:0
BRH:0
end_of_record
TN:
SF:app\Controllers\Http\AnswersController.ts
FN:7,(anonymous_1)
FN:35,(anonymous_2)
FN:37,(anonymous_3)
FN:50,(anonymous_4)
FN:55,(anonymous_5)
FN:83,(anonymous_6)
FNF:6
FNH:6
FNDA:1,(anonymous_1)
FNDA:1,(anonymous_2)
FNDA:2,(anonymous_3)
FNDA:1,(anonymous_4)
FNDA:1,(anonymous_5)
FNDA:1,(anonymous_6)
DA:2,1
DA:3,1
DA:4,1
DA:6,1
DA:8,1
DA:9,1
DA:10,1
DA:11,1
DA:12,1
DA:13,1
DA:14,1
DA:15,1
DA:16,0
DA:18,1
DA:20,1
DA:21,1
DA:22,1
DA:23,1
DA:24,1
DA:25,1
DA:27,1
DA:28,1
DA:30,0
DA:36,1
DA:37,1
DA:38,2
DA:39,2
DA:40,2
DA:41,2
DA:42,2
DA:43,2
DA:51,1
DA:52,1
DA:56,1
DA:57,1
DA:58,1
DA:59,1
DA:66,1
DA:67,1
DA:69,1
DA:70,1
DA:71,1
DA:72,49
DA:75,1
DA:76,1
DA:77,1
DA:79,0
DA:84,1
DA:85,1
DA:86,1
DA:87,1
DA:89,0
LF:52
LH:48
BRDA:15,0,0,0
BRDA:15,0,1,1
BRF:2
BRH:1
end_of_record
TN:
SF:app\Controllers\Http\FormsController.ts
FN:6,(anonymous_1)
FN:22,(anonymous_2)
FNF:2
FNH:2
FNDA:1,(anonymous_1)
FNDA:1,(anonymous_2)
DA:2,1
DA:3,1
DA:5,1
DA:7,1
DA:8,1
DA:9,1
DA:10,1
DA:11,38
DA:16,1
DA:18,0
DA:23,1
DA:24,1
DA:25,1
DA:26,4
DA:32,1
DA:34,0
LF:16
LH:14
BRF:0
BRH:0
end_of_record
TN:
SF:app\Controllers\Http\HealthController.ts
FN:5,(anonymous_1)
FNF:1
FNH:1
FNDA:1,(anonymous_1)
DA:2,1
DA:4,1
DA:6,1
DA:7,1
LF:4
LH:4
BRDA:7,0,0,1
BRDA:7,0,1,0
BRF:2
BRH:1
end_of_record
TN:
SF:app\Controllers\Http\QuestionsController.ts
FN:6,(anonymous_1)
FN:23,(anonymous_2)
FN:32,(anonymous_3)
FN:43,(anonymous_4)
FN:59,(anonymous_5)
FNF:5
FNH:5
FNDA:1,(anonymous_1)
FNDA:1,(anonymous_2)
FNDA:1,(anonymous_3)
FNDA:1,(anonymous_4)
FNDA:2,(anonymous_5)
DA:2,1
DA:3,1
DA:5,1
DA:7,1
DA:8,1
DA:9,1
DA:10,1
DA:11,1
DA:12,1
DA:13,1
DA:15,1
DA:16,1
DA:17,1
DA:19,0
DA:24,1
DA:25,1
DA:26,1
DA:28,0
DA:33,1
DA:34,1
DA:35,1
DA:36,1
DA:39,0
DA:44,1
DA:45,1
DA:46,1
DA:47,1
DA:52,1
DA:55,0
DA:61,2
DA:62,2
DA:66,0
LF:32
LH:27
BRF:0
BRH:0
end_of_record
TN:
SF:app\Controllers\Http\RolesController.ts
FN:5,(anonymous_1)
FN:19,(anonymous_2)
FN:28,(anonymous_3)
FN:38,(anonymous_4)
FNF:4
FNH:4
FNDA:1,(anonymous_1)
FNDA:1,(anonymous_2)
FNDA:1,(anonymous_3)
FNDA:1,(anonymous_4)
DA:2,1
DA:4,1
DA:6,1
DA:7,1
DA:8,1
DA:9,1
DA:10,1
DA:11,1
DA:12,1
DA:13,1
DA:15,0
DA:20,1
DA:21,1
DA:22,1
DA:24,0
DA:29,1
DA:30,1
DA:31,1
DA:32,1
DA:34,0
DA:39,1
DA:40,1
DA:41,1
DA:42,1
DA:46,1
DA:49,0
LF:26
LH:22
BRF:0
BRH:0
end_of_record
TN:
SF:app\Controllers\Http\TypeDocumentsController.ts
FN:5,(anonymous_1)
FN:19,(anonymous_2)
FN:28,(anonymous_3)
FN:38,(anonymous_4)
FNF:4
FNH:4
FNDA:1,(anonymous_1)
FNDA:1,(anonymous_2)
FNDA:1,(anonymous_3)
FNDA:1,(anonymous_4)
DA:2,1
DA:4,1
DA:6,1
DA:7,1
DA:8,1
DA:9,1
DA:10,1
DA:11,1
DA:12,1
DA:13,1
DA:15,0
DA:20,1
DA:21,1
DA:22,1
DA:24,0
DA:29,1
DA:30,1
DA:31,1
DA:32,1
DA:34,0
DA:39,1
DA:40,1
DA:41,1
DA:42,1
DA:46,1
DA:49,0
LF:26
LH:22
BRF:0
BRH:0
end_of_record
TN:
SF:app\Controllers\Http\UsersController.ts
FN:9,(anonymous_1)
FN:50,(anonymous_2)
FN:55,(anonymous_3)
FN:57,(anonymous_4)
FN:66,(anonymous_5)
FN:94,(anonymous_6)
FN:103,(anonymous_7)
FN:127,(anonymous_8)
FN:138,(anonymous_9)
FNF:9
FNH:7
FNDA:2,(anonymous_1)
FNDA:1,(anonymous_2)
FNDA:0,(anonymous_3)
FNDA:0,(anonymous_4)
FNDA:1,(anonymous_5)
FNDA:1,(anonymous_6)
FNDA:1,(anonymous_7)
FNDA:1,(anonymous_8)
FNDA:3,(anonymous_9)
DA:2,1
DA:3,1
DA:4,1
DA:5,1
DA:6,1
DA:8,1
DA:10,2
DA:11,2
DA:12,2
DA:13,2
DA:14,2
DA:15,1
DA:18,1
DA:19,1
DA:20,0
DA:23,1
DA:28,1
DA:31,1
DA:32,1
DA:33,0
DA:36,1
DA:37,1
DA:45,1
DA:46,1
DA:51,1
DA:52,1
DA:56,0
DA:57,0
DA:58,0
DA:59,0
DA:60,0
DA:63,0
DA:67,1
DA:68,1
DA:69,1
DA:70,1
DA:71,1
DA:72,1
DA:73,1
DA:74,1
DA:75,1
DA:76,1
DA:79,1
DA:80,1
DA:83,1
DA:84,1
DA:85,1
DA:87,1
DA:88,1
DA:90,0
DA:95,1
DA:96,1
DA:97,1
DA:99,0
DA:104,1
DA:105,1
DA:106,1
DA:107,1
DA:120,1
DA:123,0
DA:128,1
DA:129,1
DA:130,1
DA:131,1
DA:133,0
DA:139,3
DA:140,3
DA:141,3
LF:68
LH:56
BRDA:14,0,0,1
BRDA:14,0,1,1
BRDA:19,1,0,0
BRDA:19,1,1,1
BRDA:32,2,0,0
BRDA:32,2,1,1
BRDA:58,3,0,0
BRDA:58,3,1,0
BRF:8
BRH:4
end_of_record
TN:
SF:app\Middleware\VerifyAdmin.ts
FN:6,(anonymous_1)
FNF:1
FNH:1
FNDA:3,(anonymous_1)
DA:2,1
DA:3,1
DA:5,1
DA:7,3
DA:9,3
DA:10,0
DA:13,3
DA:14,3
DA:15,3
DA:16,3
DA:18,3
DA:19,0
DA:22,3
DA:23,1
DA:25,2
DA:27,0
DA:28,0
LF:17
LH:13
BRDA:9,0,0,0
BRDA:9,0,1,3
BRDA:18,1,0,0
BRDA:18,1,1,3
BRDA:22,2,0,1
BRDA:22,2,1,2
BRF:6
BRH:4
end_of_record
TN:
SF:app\Models\Answer.ts
FNF:0
FNH:0
DA:1,1
DA:2,1
DA:4,1
DA:5,1
DA:6,1
DA:7,1
DA:8,1
DA:9,1
DA:12,1
DA:15,1
LF:10
LH:10
BRDA:8,0,0,1
BRDA:8,0,1,0
BRDA:8,1,0,1
BRDA:8,1,1,1
BRDA:12,2,0,1
BRDA:12,2,1,0
BRDA:12,3,0,1
BRDA:12,3,1,1
BRDA:15,4,0,1
BRDA:15,4,1,0
BRDA:15,5,0,1
BRDA:15,5,1,1
BRF:12
BRH:9
end_of_record
TN:
SF:app\Models\Form.ts
FN:12,(anonymous_3)
FN:17,(anonymous_4)
FNF:2
FNH:0
FNDA:0,(anonymous_3)
FNDA:0,(anonymous_4)
DA:1,1
DA:2,1
DA:3,1
DA:4,1
DA:6,1
DA:7,1
DA:8,1
DA:9,1
DA:10,1
DA:12,0
DA:15,1
DA:17,0
DA:20,1
DA:23,1
DA:26,1
LF:15
LH:13
BRDA:15,0,0,0
BRDA:15,0,1,1
BRDA:15,1,0,1
BRDA:15,1,1,0
BRDA:20,2,0,0
BRDA:20,2,1,1
BRDA:20,3,0,1
BRDA:20,3,1,0
BRDA:23,4,0,1
BRDA:23,4,1,0
BRDA:23,5,0,1
BRDA:23,5,1,1
BRDA:26,6,0,1
BRDA:26,6,1,0
BRDA:26,7,0,1
BRDA:26,7,1,1
BRF:16
BRH:10
end_of_record
TN:
SF:app\Models\Question.ts
FN:11,(anonymous_3)
FNF:1
FNH:0
FNDA:0,(anonymous_3)
DA:1,1
DA:2,1
DA:3,1
DA:5,1
DA:6,1
DA:7,1
DA:8,1
DA:9,1
DA:11,0
DA:14,1
DA:17,1
DA:20,1
LF:12
LH:11
BRDA:14,0,0,0
BRDA:14,0,1,1
BRDA:14,1,0,1
BRDA:14,1,1,0
BRDA:17,2,0,1
BRDA:17,2,1,0
BRDA:17,3,0,1
BRDA:17,3,1,1
BRDA:20,4,0,1
BRDA:20,4,1,0
BRDA:20,5,0,1
BRDA:20,5,1,1
BRF:12
BRH:8
end_of_record
TN:
SF:app\Models\Rol.ts
FNF:0
FNH:0
DA:1,1
DA:2,1
DA:4,1
DA:5,1
DA:6,1
DA:7,1
DA:10,1
DA:13,1
LF:8
LH:8
BRDA:10,0,0,1
BRDA:10,0,1,0
BRDA:10,1,0,1
BRDA:10,1,1,1
BRDA:13,2,0,1
BRDA:13,2,1,0
BRDA:13,3,0,1
BRDA:13,3,1,1
BRF:8
BRH:6
end_of_record
TN:
SF:app\Models\TypeDocument.ts
FNF:0
FNH:0
DA:1,1
DA:2,1
DA:4,1
DA:5,1
DA:6,1
DA:7,1
DA:10,1
DA:13,1
LF:8
LH:8
BRDA:10,0,0,1
BRDA:10,0,1,0
BRDA:10,1,0,1
BRDA:10,1,1,1
BRDA:13,2,0,1
BRDA:13,2,1,0
BRDA:13,3,0,1
BRDA:13,3,1,1
BRF:8
BRH:6
end_of_record
TN:
SF:app\Models\User.ts
FN:20,(anonymous_3)
FN:25,(anonymous_4)
FNF:2
FNH:0
FNDA:0,(anonymous_3)
FNDA:0,(anonymous_4)
DA:1,1
DA:2,1
DA:3,1
DA:4,1
DA:6,1
DA:7,1
DA:8,1
DA:9,1
DA:10,1
DA:11,1
DA:12,1
DA:13,1
DA:14,1
DA:15,1
DA:16,1
DA:17,1
DA:18,1
DA:20,0
DA:23,1
DA:25,0
DA:28,1
DA:30,1
DA:31,1
LF:23
LH:21
BRDA:23,0,0,0
BRDA:23,0,1,1
BRDA:23,1,0,1
BRDA:23,1,1,0
BRDA:28,2,0,0
BRDA:28,2,1,1
BRDA:28,3,0,1
BRDA:28,3,1,0
BRDA:30,4,0,1
BRDA:30,4,1,0
BRDA:30,5,0,1
BRDA:30,5,1,1
BRDA:31,6,0,1
BRDA:31,6,1,0
BRDA:31,7,0,1
BRDA:31,7,1,1
BRF:16
BRH:10
end_of_record
TN:
SF:config\app.ts
FNF:0
FNH:0
DA:8,1
DA:9,1
DA:28,1
DA:39,1
DA:137,1
DA:191,1
DA:234,1
LF:7
LH:7
BRF:0
BRH:0
end_of_record
TN:
SF:config\bodyparser.ts
FNF:0
FNH:0
DA:10,1
DA:211,1
LF:2
LH:2
BRF:0
BRH:0
end_of_record
TN:
SF:config\cors.ts
FNF:0
FNH:0
DA:10,1
DA:134,1
LF:2
LH:2
BRF:0
BRH:0
end_of_record
TN:
SF:config\database.ts
FNF:0
FNH:0
DA:8,1
DA:12,1
DA:69,1
LF:3
LH:3
BRF:0
BRH:0
end_of_record
TN:
SF:config\drive.ts
FNF:0
FNH:0
DA:8,1
DA:9,1
DA:10,1
DA:21,1
LF:4
LH:4
BRF:0
BRH:0
end_of_record
TN:
SF:config\hash.ts
FNF:0
FNH:0
DA:8,1
DA:9,1
DA:20,1
LF:3
LH:3
BRF:0
BRH:0
end_of_record
TN:
SF:config\swagger.ts
FNF:0
FNH:0
DA:3,1
LF:1
LH:1
BRDA:37,0,0,0
BRDA:37,0,1,1
BRF:2
BRH:1
end_of_record
TN:
SF:providers\AppProvider.ts
FN:4,(anonymous_0)
FN:7,(anonymous_1)
FN:11,(anonymous_2)
FN:15,(anonymous_3)
FN:19,(anonymous_4)
FNF:5
FNH:5
FNDA:1,(anonymous_0)
FNDA:1,(anonymous_1)
FNDA:1,(anonymous_2)
FNDA:1,(anonymous_3)
FNDA:1,(anonymous_4)
DA:3,1
DA:4,1
LF:2
LH:2
BRF:0
BRH:0
end_of_record
TN:
SF:start\kernel.ts
FN:4,(anonymous_7)
FN:4,(anonymous_8)
FN:8,(anonymous_9)
FN:8,(anonymous_10)
FN:9,(anonymous_11)
FN:9,(anonymous_12)
FNF:6
FNH:4
FNDA:25,(anonymous_7)
FNDA:25,(anonymous_8)
FNDA:0,(anonymous_9)
FNDA:0,(anonymous_10)
FNDA:3,(anonymous_11)
FNDA:3,(anonymous_12)
DA:1,1
DA:3,1
DA:4,50
DA:7,1
DA:8,0
DA:9,6
LF:6
LH:5
BRF:0
BRH:0
end_of_record
TN:
SF:start\routes.ts
FN:5,(anonymous_1)
FN:6,(anonymous_2)
FN:15,(anonymous_3)
FN:22,(anonymous_4)
FN:29,(anonymous_5)
FN:35,(anonymous_6)
FN:42,(anonymous_7)
FNF:7
FNH:7
FNDA:1,(anonymous_1)
FNDA:1,(anonymous_2)
FNDA:1,(anonymous_3)
FNDA:1,(anonymous_4)
FNDA:1,(anonymous_5)
FNDA:1,(anonymous_6)
FNDA:1,(anonymous_7)
DA:1,1
DA:3,1
DA:5,1
DA:6,1
DA:7,1
DA:8,1
DA:9,1
DA:10,1
DA:11,1
DA:12,1
DA:15,1
DA:16,1
DA:17,1
DA:18,1
DA:19,1
DA:22,1
DA:23,1
DA:24,1
DA:25,1
DA:26,1
DA:29,1
DA:30,1
DA:31,1
DA:34,1
DA:35,1
DA:36,1
DA:37,1
DA:38,1
DA:39,1
DA:42,1
DA:43,1
DA:44,1
LF:32
LH:32
BRF:0
BRH:0
end_of_record
